<?xml version="1.0" encoding="UTF-8"?><testsuite errors="0" failures="2" name="Google Homepage Search" skipped="0" tests="8" time="59.86" timestamp="2020-11-30 02:05:57"><testcase name="User search content without results"/><testcase name="User search null content in Google search"/><testcase name="User to see  result page Google after"/><testcase name="User can search with “Google Search”"><failure message="The result found it is not the expected expected:&lt;[The Name of the Wind - Patrick Rothfuss]&gt; but was:&lt;[El nombre del viento - Wikipedia, la enciclopedia libre]&gt;" type="java.lang.AssertionError">The result found it is not the expected expected:&lt;[The Name of the Wind - Patrick Rothfuss]&gt; but was:&lt;[El nombre del viento - Wikipedia, la enciclopedia libre]&gt;</failure><system-err>The result found it is not the expected expected:&lt;[The Name of the Wind - Patrick Rothfuss]&gt; but was:&lt;[El nombre del viento - Wikipedia, la enciclopedia libre]&gt;&#13;
controllers.GoogleSearchController.validateFirstResult(GoogleSearchController.java:92)&#13;
stepdefinition.GoogleSearchStep.theFirstResultIs(GoogleSearchStep.java:61)&#13;
✽.the first result is "The Name of the Wind - Patrick Rothfuss"(src/main/resources/features/googlesearch.feature:31)&#13;
</system-err></testcase><testcase name="list suggestion in Google search"/><testcase name="User can search by using the suggestions"><failure message="The result found it is not the expected expected:&lt;[The Name of the Wind - Patrick Rothfuss]&gt; but was:&lt;[El nombre del viento - Wikipedia, la enciclopedia libre]&gt;" type="java.lang.AssertionError">The result found it is not the expected expected:&lt;[The Name of the Wind - Patrick Rothfuss]&gt; but was:&lt;[El nombre del viento - Wikipedia, la enciclopedia libre]&gt;</failure><system-err>The result found it is not the expected expected:&lt;[The Name of the Wind - Patrick Rothfuss]&gt; but was:&lt;[El nombre del viento - Wikipedia, la enciclopedia libre]&gt;&#13;
controllers.GoogleSearchController.validateFirstResult(GoogleSearchController.java:92)&#13;
stepdefinition.GoogleSearchStep.theFirstResultIs(GoogleSearchStep.java:61)&#13;
✽.the first result is "The Name of the Wind - Patrick Rothfuss"(src/main/resources/features/googlesearch.feature:51)&#13;
</system-err></testcase></testsuite>